<?xml version="1.0" encoding="UTF-8"?>
<!-- Generated by org.testng.reporters.JUnitReportReporter -->
<testsuite name="org.fwcms.tc.representative.RejectUpdatedMCDetailsandVerifyTest" tests="1" time="110.001" ignored="0" failures="0" timestamp="18 Jan 2017 06:58:00 GMT" skipped="0" hostname="QA1-PC" errors="0">
  <testcase name="rejectUpdatedMCDetailsandVerify" time="110.001" classname="org.fwcms.tc.representative.RejectUpdatedMCDetailsandVerifyTest"/>
</testsuite> <!-- org.fwcms.tc.representative.RejectUpdatedMCDetailsandVerifyTest -->
