<?xml version="1.0" encoding="UTF-8"?>
<!-- Generated by org.testng.reporters.JUnitReportReporter -->
<testsuite name="org.fwcms.cdc.superuser.ValidationsTest" tests="1" time="35.291" ignored="0" failures="0" timestamp="18 Jan 2017 03:40:49 GMT" skipped="0" hostname="QA1-PC" errors="0">
  <testcase name="addPrivilegeUserValidationsAsSuperUser" time="35.291" classname="org.fwcms.cdc.superuser.ValidationsTest"/>
</testsuite> <!-- org.fwcms.cdc.superuser.ValidationsTest -->
