<?xml version="1.0" encoding="UTF-8"?>
<!-- Generated by org.testng.reporters.JUnitReportReporter -->
<testsuite name="org.fwcms.tc.representative.UpdateMCDetailsWithoutAndWithSupportingDocsTest" tests="1" time="78.117" ignored="0" failures="0" timestamp="18 Jan 2017 07:06:20 GMT" skipped="0" hostname="QA1-PC" errors="0">
  <testcase name="updateMCDetailsWithoutAndWithSupportingDocs" time="78.117" classname="org.fwcms.tc.representative.UpdateMCDetailsWithoutAndWithSupportingDocsTest"/>
</testsuite> <!-- org.fwcms.tc.representative.UpdateMCDetailsWithoutAndWithSupportingDocsTest -->
