<?xml version="1.0" encoding="UTF-8"?>
<!-- Generated by org.testng.reporters.JUnitReportReporter -->
<testsuite name="org.fwcms.cdc.privilegeduser.ValidationsTest" tests="1" time="34.651" ignored="0" failures="0" timestamp="18 Jan 2017 03:41:49 GMT" skipped="0" hostname="QA1-PC" errors="0">
  <testcase name="addUserValidationsAsPrivilegedUser" time="34.651" classname="org.fwcms.cdc.privilegeduser.ValidationsTest"/>
</testsuite> <!-- org.fwcms.cdc.privilegeduser.ValidationsTest -->
