<?xml version="1.0" encoding="UTF-8"?>
<!-- Generated by org.testng.reporters.JUnitReportReporter -->
<testsuite name="org.fwcms.cdc.privilegeduser.MultipleRolesTest" tests="1" time="125.568" ignored="3" failures="0" timestamp="18 Jan 2017 08:55:19 GMT" skipped="0" hostname="QA1-PC" errors="0">
  <testcase name="verifyBestInetOperatorAsOnlyPriviligedUser" time="125.568" classname="org.fwcms.cdc.privilegeduser.MultipleRolesTest"/>
  <testcase name="verifyBestInetPriviligedUserAsOnlyOperator" classname="org.fwcms.cdc.privilegeduser.MultipleRolesTest">
    <skipped/>
  </testcase> <!-- verifyBestInetPriviligedUserAsOnlyOperator -->
  <testcase name="assignAndRevokeBestInetPrivilegedUserRole" classname="org.fwcms.cdc.privilegeduser.MultipleRolesTest">
    <skipped/>
  </testcase> <!-- assignAndRevokeBestInetPrivilegedUserRole -->
  <testcase name="assignAndRevokeBestInetOperatorRoleAsBestInetPrivilegedUser" classname="org.fwcms.cdc.privilegeduser.MultipleRolesTest">
    <skipped/>
  </testcase> <!-- assignAndRevokeBestInetOperatorRoleAsBestInetPrivilegedUser -->
</testsuite> <!-- org.fwcms.cdc.privilegeduser.MultipleRolesTest -->
